#
# There is insufficient memory for the Java Runtime Environment to continue.
# Native memory allocation (malloc) failed to allocate 2368096 bytes for Chunk::new
# Possible reasons:
#   The system is out of physical RAM or swap space
#   The process is running with CompressedOops enabled, and the Java Heap may be blocking the growth of the native heap
# Possible solutions:
#   Reduce memory load on the system
#   Increase physical memory or swap space
#   Check if swap backing store is full
#   Decrease Java heap size (-Xmx/-Xms)
#   Decrease number of Java threads
#   Decrease Java thread stack sizes (-Xss)
#   Set larger code cache with -XX:ReservedCodeCacheSize=
#   JVM is running with Unscaled Compressed Oops mode in which the Java heap is
#     placed in the first 4GB address space. The Java Heap base address is the
#     maximum limit for the native heap growth. Please use -XX:HeapBaseMinAddress
#     to set the Java Heap base and to place the Java Heap above 4GB virtual address.
# This output file may be truncated or incomplete.
#
#  Out of Memory Error (arena.cpp:189), pid=10824, tid=11708
#
# JRE version: Java(TM) SE Runtime Environment (17.0.6+9) (build 17.0.6+9-LTS-190)
# Java VM: Java HotSpot(TM) 64-Bit Server VM (17.0.6+9-LTS-190, mixed mode, sharing, tiered, compressed oops, compressed class ptrs, g1 gc, windows-amd64)
# No core dump will be written. Minidumps are not enabled by default on client versions of Windows
#

---------------  S U M M A R Y ------------

Command Line: -agentlib:jdwp=transport=dt_socket,address=127.0.0.1:64786,suspend=y,server=n -ea -Didea.test.cyclic.buffer.size=1048576 -javaagent:C:\Users\Тос\AppData\Local\JetBrains\IntelliJIdea2022.1\captureAgent\debugger-agent.jar -Dfile.encoding=UTF-8 com.intellij.rt.junit.JUnitStarter -ideVersion5 -junit5 integration.RealWebServiceServerIT

Host: Intel(R) Pentium(R) Gold 7505 @ 2.00GHz, 4 cores, 7G,  Windows 10 , 64 bit Build 19041 (10.0.19041.3570)
Time: Wed Mar 20 03:36:22 2024 RTZ 2 (s 10 , 64 bit Build 19041 (10.0.19041.3570) elapsed time: 18.242177 seconds (0d 0h 0m 18s)

---------------  T H R E A D  ---------------

Current thread (0x0000017006330fb0):  JavaThread "C2 CompilerThread0" daemon [_thread_in_native, id=11708, stack(0x000000020cc00000,0x000000020cd00000)]


Current CompileTask:
C2:  18242 7183   !   4       java.lang.reflect.Field::declaredAnnotations (82 bytes)

Stack: [0x000000020cc00000,0x000000020cd00000]
Native frames: (J=compiled Java code, j=interpreted, Vv=VM code, C=native code)
V  [jvm.dll+0x6734ea]
V  [jvm.dll+0x7d18f4]
V  [jvm.dll+0x7d309e]
V  [jvm.dll+0x7d3703]
V  [jvm.dll+0x2433c5]
V  [jvm.dll+0xaa46b]
V  [jvm.dll+0xaaa0c]
V  [jvm.dll+0x35eb2e]
V  [jvm.dll+0x329401]
V  [jvm.dll+0x32889a]
V  [jvm.dll+0x215ddf]
V  [jvm.dll+0x215211]
V  [jvm.dll+0x1a1730]
V  [jvm.dll+0x224b6e]
V  [jvm.dll+0x222f15]
V  [jvm.dll+0x78753c]
V  [jvm.dll+0x781a7a]
V  [jvm.dll+0x672375]
C  [ucrtbase.dll+0x21bb2]
C  [KERNEL32.DLL+0x17344]
C  [ntdll.dll+0x526b1]


---------------  P R O C E S S  ---------------

Threads class SMR info:
_java_thread_list=0x0000017010a8bfe0, length=41, elements={
0x0000017066bc65b0, 0x0000017006313c40, 0x00000170063147f0, 0x000001700632a4a0,
0x000001700632cf60, 0x000001700632f920, 0x00000170063302d0, 0x0000017006330fb0,
0x00000170063940b0, 0x0000017006d20060, 0x00000170062fbb80, 0x0000017006f0d3c0,
0x0000017006f2d3e0, 0x0000017006f2dac0, 0x0000017006f459c0, 0x00000170086a8be0,
0x0000017008223710, 0x0000017008223be0, 0x000001700865d030, 0x000001700865d500,
0x000001700b0f1b90, 0x0000017008533470, 0x00000170099f9800, 0x0000017009874aa0,
0x0000017008ef8cf0, 0x0000017008efaea0, 0x0000017008ef9b60, 0x0000017008efa030,
0x0000017008ef91c0, 0x000001700f6756a0, 0x000001700f6751d0, 0x000001700f676040,
0x000001700f676eb0, 0x000001700f676510, 0x000001700f675b70, 0x000001700f6769e0,
0x000001700f677380, 0x000001700f677850, 0x000001700f674d00, 0x000001700f677d20,
0x000001700f6781f0
}

Java Threads: ( => current thread )
  0x0000017066bc65b0 JavaThread "main" [_thread_in_native, id=10308, stack(0x000000020bf00000,0x000000020c000000)]
  0x0000017006313c40 JavaThread "Reference Handler" daemon [_thread_blocked, id=4956, stack(0x000000020c600000,0x000000020c700000)]
  0x00000170063147f0 JavaThread "Finalizer" daemon [_thread_blocked, id=10432, stack(0x000000020c700000,0x000000020c800000)]
  0x000001700632a4a0 JavaThread "Signal Dispatcher" daemon [_thread_blocked, id=11828, stack(0x000000020c800000,0x000000020c900000)]
  0x000001700632cf60 JavaThread "Attach Listener" daemon [_thread_blocked, id=4708, stack(0x000000020c900000,0x000000020ca00000)]
  0x000001700632f920 JavaThread "Service Thread" daemon [_thread_blocked, id=8596, stack(0x000000020ca00000,0x000000020cb00000)]
  0x00000170063302d0 JavaThread "Monitor Deflation Thread" daemon [_thread_blocked, id=13364, stack(0x000000020cb00000,0x000000020cc00000)]
=>0x0000017006330fb0 JavaThread "C2 CompilerThread0" daemon [_thread_in_native, id=11708, stack(0x000000020cc00000,0x000000020cd00000)]
  0x00000170063940b0 JavaThread "C1 CompilerThread0" daemon [_thread_blocked, id=2984, stack(0x000000020cd00000,0x000000020ce00000)]
  0x0000017006d20060 JavaThread "Sweeper thread" daemon [_thread_blocked, id=6152, stack(0x000000020ce00000,0x000000020cf00000)]
  0x00000170062fbb80 JavaThread "Common-Cleaner" daemon [_thread_blocked, id=12724, stack(0x000000020cf00000,0x000000020d000000)]
  0x0000017006f0d3c0 JavaThread "JDWP Transport Listener: dt_socket" daemon [_thread_blocked, id=11972, stack(0x000000020d000000,0x000000020d100000)]
  0x0000017006f2d3e0 JavaThread "JDWP Event Helper Thread" daemon [_thread_blocked, id=10648, stack(0x000000020d100000,0x000000020d200000)]
  0x0000017006f2dac0 JavaThread "JDWP Command Reader" daemon [_thread_in_native, id=10208, stack(0x000000020d200000,0x000000020d300000)]
  0x0000017006f459c0 JavaThread "Notification Thread" daemon [_thread_blocked, id=12688, stack(0x000000020d300000,0x000000020d400000)]
  0x00000170086a8be0 JavaThread "Thread-0" daemon [_thread_in_native, id=12168, stack(0x000000020db00000,0x000000020dc00000)]
  0x0000017008223710 JavaThread "Thread-1" daemon [_thread_in_native, id=8780, stack(0x000000020dc00000,0x000000020dd00000)]
  0x0000017008223be0 JavaThread "Thread-2" daemon [_thread_in_native, id=2384, stack(0x000000020dd00000,0x000000020de00000)]
  0x000001700865d030 JavaThread "Thread-3" daemon [_thread_in_native, id=8152, stack(0x000000020de00000,0x000000020df00000)]
  0x000001700865d500 JavaThread "Thread-4" daemon [_thread_in_native, id=7300, stack(0x000000020df00000,0x000000020e000000)]
  0x000001700b0f1b90 JavaThread "Thread-9" daemon [_thread_blocked, id=5004, stack(0x000000020da00000,0x000000020db00000)]
  0x0000017008533470 JavaThread "Thread-10" daemon [_thread_blocked, id=4764, stack(0x000000020e000000,0x000000020e100000)]
  0x00000170099f9800 JavaThread "testcontainers-ryuk" daemon [_thread_blocked, id=3372, stack(0x000000020d900000,0x000000020da00000)]
  0x0000017009874aa0 JavaThread "C2 CompilerThread1" daemon [_thread_in_vm, id=5684, stack(0x000000020e200000,0x000000020e300000)]
  0x0000017008ef8cf0 JavaThread "Catalina-utility-1" [_thread_blocked, id=12656, stack(0x000000020e300000,0x000000020e400000)]
  0x0000017008efaea0 JavaThread "Catalina-utility-2" [_thread_blocked, id=12400, stack(0x000000020e400000,0x000000020e500000)]
  0x0000017008ef9b60 JavaThread "container-0" [_thread_blocked, id=1552, stack(0x000000020e500000,0x000000020e600000)]
  0x0000017008efa030 JavaThread "PostgreSQL-JDBC-Cleaner" daemon [_thread_blocked, id=12572, stack(0x000000020e600000,0x000000020e700000)]
  0x0000017008ef91c0 JavaThread "HikariPool-1 housekeeper" daemon [_thread_blocked, id=11004, stack(0x000000020e700000,0x000000020e800000)]
  0x000001700f6756a0 JavaThread "http-nio-80-exec-1" daemon [_thread_blocked, id=9176, stack(0x000000020e900000,0x000000020ea00000)]
  0x000001700f6751d0 JavaThread "http-nio-80-exec-2" daemon [_thread_blocked, id=9364, stack(0x000000020ea00000,0x000000020eb00000)]
  0x000001700f676040 JavaThread "http-nio-80-exec-3" daemon [_thread_blocked, id=10820, stack(0x000000020eb00000,0x000000020ec00000)]
  0x000001700f676eb0 JavaThread "http-nio-80-exec-4" daemon [_thread_blocked, id=3672, stack(0x000000020ec00000,0x000000020ed00000)]
  0x000001700f676510 JavaThread "http-nio-80-exec-5" daemon [_thread_blocked, id=8384, stack(0x000000020ed00000,0x000000020ee00000)]
  0x000001700f675b70 JavaThread "http-nio-80-exec-6" daemon [_thread_blocked, id=2072, stack(0x000000020ee00000,0x000000020ef00000)]
  0x000001700f6769e0 JavaThread "http-nio-80-exec-7" daemon [_thread_blocked, id=4516, stack(0x000000020ef00000,0x000000020f000000)]
  0x000001700f677380 JavaThread "http-nio-80-exec-8" daemon [_thread_blocked, id=9288, stack(0x000000020f000000,0x000000020f100000)]
  0x000001700f677850 JavaThread "http-nio-80-exec-9" daemon [_thread_blocked, id=9976, stack(0x000000020f100000,0x000000020f200000)]
  0x000001700f674d00 JavaThread "http-nio-80-exec-10" daemon [_thread_blocked, id=13504, stack(0x000000020f200000,0x000000020f300000)]
  0x000001700f677d20 JavaThread "http-nio-80-Poller" daemon [_thread_in_native, id=13848, stack(0x000000020f300000,0x000000020f400000)]
  0x000001700f6781f0 JavaThread "http-nio-80-Acceptor" daemon [_thread_in_native, id=6868, stack(0x000000020f400000,0x000000020f500000)]

Other Threads:
  0x000001700630bdf0 VMThread "VM Thread" [stack: 0x000000020c500000,0x000000020c600000] [id=7608]
  0x0000017006f54220 WatcherThread [stack: 0x000000020d400000,0x000000020d500000] [id=5648]
  0x0000017066c21590 GCTaskThread "GC Thread#0" [stack: 0x000000020c000000,0x000000020c100000] [id=10320]
  0x0000017007336570 GCTaskThread "GC Thread#1" [stack: 0x000000020d600000,0x000000020d700000] [id=700]
  0x00000170074b18e0 GCTaskThread "GC Thread#2" [stack: 0x000000020d700000,0x000000020d800000] [id=8740]
  0x00000170074bc870 GCTaskThread "GC Thread#3" [stack: 0x000000020d800000,0x000000020d900000] [id=1276]
  0x0000017066c31e90 ConcurrentGCThread "G1 Main Marker" [stack: 0x000000020c100000,0x000000020c200000] [id=2120]
  0x0000017066c328a0 ConcurrentGCThread "G1 Conc#0" [stack: 0x000000020c200000,0x000000020c300000] [id=3776]
  0x0000017066c86f40 ConcurrentGCThread "G1 Refine#0" [stack: 0x000000020c300000,0x000000020c400000] [id=9892]
  0x0000017066c87960 ConcurrentGCThread "G1 Service" [stack: 0x000000020c400000,0x000000020c500000] [id=4536]

Threads with active compile tasks:
C2 CompilerThread0    18267 7183   !   4       java.lang.reflect.Field::declaredAnnotations (82 bytes)
C2 CompilerThread1    18267 8516       4       java.lang.CharacterDataLatin1::isJavaIdentifierPart (20 bytes)

VM state: not at safepoint (normal execution)

VM Mutex/Monitor currently owned by a thread: None

Heap address: 0x0000000083200000, size: 1998 MB, Compressed Oops mode: 32-bit

CDS archive(s) mapped at: [0x0000000800000000-0x0000000800bd0000-0x0000000800bd0000), size 12386304, SharedBaseAddress: 0x0000000800000000, ArchiveRelocationMode: 0.
Compressed class space mapped at: 0x0000000800c00000-0x0000000840c00000, reserved size: 1073741824
Narrow klass base: 0x0000000800000000, Narrow klass shift: 0, Narrow klass range: 0x100000000

GC Precious Log:
 CPUs: 4 total, 4 available
 Memory: 7991M
 Large Page Support: Disabled
 NUMA Support: Disabled
 Compressed Oops: Enabled (32-bit)
 Heap Region Size: 1M
 Heap Min Capacity: 8M
 Heap Initial Capacity: 126M
 Heap Max Capacity: 1998M
 Pre-touch: Disabled
 Parallel Workers: 4
 Concurrent Workers: 1
 Concurrent Refinement Workers: 4
 Periodic GC: Disabled

Heap:
 garbage-first heap   total 95232K, used 73363K [0x0000000083200000, 0x0000000100000000)
  region size 1024K, 36 young (36864K), 4 survivors (4096K)
 Metaspace       used 80108K, committed 80768K, reserved 1122304K
  class space    used 10804K, committed 11136K, reserved 1048576K

Heap Regions: E=young(eden), S=young(survivor), O=old, HS=humongous(starts), HC=humongous(continues), CS=collection set, F=free, OA=open archive, CA=closed archive, TAMS=top-at-mark-start (previous, next)
|   0|0x0000000083200000, 0x0000000083300000, 0x0000000083300000|100%|HS|  |TAMS 0x0000000083300000, 0x0000000083200000| Complete 
|   1|0x0000000083300000, 0x0000000083400000, 0x0000000083400000|100%|HC|  |TAMS 0x0000000083400000, 0x0000000083300000| Complete 
|   2|0x0000000083400000, 0x0000000083500000, 0x0000000083500000|100%|HS|  |TAMS 0x0000000083500000, 0x0000000083400000| Complete 
|   3|0x0000000083500000, 0x0000000083600000, 0x0000000083600000|100%| O|  |TAMS 0x0000000083600000, 0x0000000083500000| Untracked 
|   4|0x0000000083600000, 0x0000000083700000, 0x0000000083700000|100%| O|  |TAMS 0x0000000083700000, 0x0000000083600000| Untracked 
|   5|0x0000000083700000, 0x0000000083800000, 0x0000000083800000|100%| O|  |TAMS 0x0000000083800000, 0x0000000083700000| Untracked 
|   6|0x0000000083800000, 0x0000000083900000, 0x0000000083900000|100%| O|  |TAMS 0x0000000083900000, 0x0000000083800000| Untracked 
|   7|0x0000000083900000, 0x0000000083a00000, 0x0000000083a00000|100%| O|  |TAMS 0x0000000083a00000, 0x0000000083900000| Untracked 
|   8|0x0000000083a00000, 0x0000000083b00000, 0x0000000083b00000|100%| O|  |TAMS 0x0000000083b00000, 0x0000000083a00000| Untracked 
|   9|0x0000000083b00000, 0x0000000083c00000, 0x0000000083c00000|100%| O|  |TAMS 0x0000000083c00000, 0x0000000083b00000| Untracked 
|  10|0x0000000083c00000, 0x0000000083d00000, 0x0000000083d00000|100%| O|  |TAMS 0x0000000083d00000, 0x0000000083c00000| Untracked 
|  11|0x0000000083d00000, 0x0000000083e00000, 0x0000000083e00000|100%| O|  |TAMS 0x0000000083e00000, 0x0000000083d00000| Untracked 
|  12|0x0000000083e00000, 0x0000000083f00000, 0x0000000083f00000|100%| O|  |TAMS 0x0000000083f00000, 0x0000000083e00000| Untracked 
|  13|0x0000000083f00000, 0x0000000084000000, 0x0000000084000000|100%| O|  |TAMS 0x0000000084000000, 0x0000000083f00000| Untracked 
|  14|0x0000000084000000, 0x0000000084100000, 0x0000000084100000|100%| O|  |TAMS 0x0000000084100000, 0x0000000084000000| Untracked 
|  15|0x0000000084100000, 0x0000000084200000, 0x0000000084200000|100%| O|  |TAMS 0x0000000084200000, 0x0000000084100000| Untracked 
|  16|0x0000000084200000, 0x0000000084300000, 0x0000000084300000|100%| O|  |TAMS 0x0000000084300000, 0x0000000084200000| Untracked 
|  17|0x0000000084300000, 0x0000000084400000, 0x0000000084400000|100%| O|  |TAMS 0x0000000084400000, 0x0000000084300000| Untracked 
|  18|0x0000000084400000, 0x0000000084500000, 0x0000000084500000|100%| O|  |TAMS 0x0000000084500000, 0x0000000084400000| Untracked 
|  19|0x0000000084500000, 0x0000000084600000, 0x0000000084600000|100%| O|  |TAMS 0x0000000084600000, 0x0000000084500000| Untracked 
|  20|0x0000000084600000, 0x0000000084700000, 0x0000000084700000|100%| O|  |TAMS 0x0000000084700000, 0x0000000084600000| Untracked 
|  21|0x0000000084700000, 0x0000000084800000, 0x0000000084800000|100%| O|  |TAMS 0x0000000084800000, 0x0000000084700000| Untracked 
|  22|0x0000000084800000, 0x0000000084900000, 0x0000000084900000|100%| O|  |TAMS 0x0000000084900000, 0x0000000084800000| Untracked 
|  23|0x0000000084900000, 0x0000000084a00000, 0x0000000084a00000|100%| O|  |TAMS 0x0000000084a00000, 0x0000000084900000| Untracked 
|  24|0x0000000084a00000, 0x0000000084b00000, 0x0000000084b00000|100%| O|  |TAMS 0x0000000084b00000, 0x0000000084a00000| Untracked 
|  25|0x0000000084b00000, 0x0000000084c00000, 0x0000000084c00000|100%| O|  |TAMS 0x0000000084c00000, 0x0000000084b00000| Untracked 
|  26|0x0000000084c00000, 0x0000000084d00000, 0x0000000084d00000|100%| O|  |TAMS 0x0000000084d00000, 0x0000000084c00000| Untracked 
|  27|0x0000000084d00000, 0x0000000084e00000, 0x0000000084e00000|100%| O|  |TAMS 0x0000000084e00000, 0x0000000084d00000| Untracked 
|  28|0x0000000084e00000, 0x0000000084f00000, 0x0000000084f00000|100%| O|  |TAMS 0x0000000084f00000, 0x0000000084e00000| Untracked 
|  29|0x0000000084f00000, 0x0000000085000000, 0x0000000085000000|100%| O|  |TAMS 0x0000000085000000, 0x0000000084f00000| Untracked 
|  30|0x0000000085000000, 0x0000000085100000, 0x0000000085100000|100%| O|  |TAMS 0x0000000085100000, 0x0000000085000000| Untracked 
|  31|0x0000000085100000, 0x0000000085200000, 0x0000000085200000|100%| O|  |TAMS 0x0000000085200000, 0x0000000085100000| Untracked 
|  32|0x0000000085200000, 0x0000000085300000, 0x0000000085300000|100%| O|  |TAMS 0x0000000085300000, 0x0000000085200000| Untracked 
|  33|0x0000000085300000, 0x0000000085400000, 0x0000000085400000|100%| O|  |TAMS 0x0000000085400000, 0x0000000085300000| Untracked 
|  34|0x0000000085400000, 0x0000000085500000, 0x0000000085500000|100%| O|  |TAMS 0x0000000085500000, 0x0000000085400000| Untracked 
|  35|0x0000000085500000, 0x0000000085600000, 0x0000000085600000|100%| O|  |TAMS 0x0000000085600000, 0x0000000085500000| Untracked 
|  36|0x0000000085600000, 0x00000000856db400, 0x0000000085700000| 85%| O|  |TAMS 0x00000000856db400, 0x0000000085600000| Untracked 
|  37|0x0000000085700000, 0x0000000085700000, 0x0000000085800000|  0%| F|  |TAMS 0x0000000085700000, 0x0000000085700000| Untracked 
|  38|0x0000000085800000, 0x0000000085800000, 0x0000000085900000|  0%| F|  |TAMS 0x0000000085800000, 0x0000000085800000| Untracked 
|  39|0x0000000085900000, 0x0000000085900000, 0x0000000085a00000|  0%| F|  |TAMS 0x0000000085900000, 0x0000000085900000| Untracked 
|  40|0x0000000085a00000, 0x0000000085a00000, 0x0000000085b00000|  0%| F|  |TAMS 0x0000000085a00000, 0x0000000085a00000| Untracked 
|  41|0x0000000085b00000, 0x0000000085b00000, 0x0000000085c00000|  0%| F|  |TAMS 0x0000000085b00000, 0x0000000085b00000| Untracked 
|  42|0x0000000085c00000, 0x0000000085c00000, 0x0000000085d00000|  0%| F|  |TAMS 0x0000000085c00000, 0x0000000085c00000| Untracked 
|  43|0x0000000085d00000, 0x0000000085d00000, 0x0000000085e00000|  0%| F|  |TAMS 0x0000000085d00000, 0x0000000085d00000| Untracked 
|  44|0x0000000085e00000, 0x0000000085e00000, 0x0000000085f00000|  0%| F|  |TAMS 0x0000000085e00000, 0x0000000085e00000| Untracked 
|  45|0x0000000085f00000, 0x0000000085f00000, 0x0000000086000000|  0%| F|  |TAMS 0x0000000085f00000, 0x0000000085f00000| Untracked 
|  46|0x0000000086000000, 0x0000000086000000, 0x0000000086100000|  0%| F|  |TAMS 0x0000000086000000, 0x0000000086000000| Untracked 
|  47|0x0000000086100000, 0x0000000086100000, 0x0000000086200000|  0%| F|  |TAMS 0x0000000086100000, 0x0000000086100000| Untracked 
|  48|0x0000000086200000, 0x00000000862c9810, 0x0000000086300000| 78%| S|CS|TAMS 0x0000000086200000, 0x0000000086200000| Complete 
|  49|0x0000000086300000, 0x0000000086400000, 0x0000000086400000|100%| S|CS|TAMS 0x0000000086300000, 0x0000000086300000| Complete 
|  50|0x0000000086400000, 0x0000000086400000, 0x0000000086500000|  0%| F|  |TAMS 0x0000000086400000, 0x0000000086400000| Untracked 
|  51|0x0000000086500000, 0x0000000086500000, 0x0000000086600000|  0%| F|  |TAMS 0x0000000086500000, 0x0000000086500000| Untracked 
|  52|0x0000000086600000, 0x0000000086700000, 0x0000000086700000|100%| S|CS|TAMS 0x0000000086600000, 0x0000000086600000| Complete 
|  53|0x0000000086700000, 0x0000000086800000, 0x0000000086800000|100%| S|CS|TAMS 0x0000000086700000, 0x0000000086700000| Complete 
|  54|0x0000000086800000, 0x0000000086800000, 0x0000000086900000|  0%| F|  |TAMS 0x0000000086800000, 0x0000000086800000| Untracked 
|  55|0x0000000086900000, 0x0000000086900000, 0x0000000086a00000|  0%| F|  |TAMS 0x0000000086900000, 0x0000000086900000| Untracked 
|  56|0x0000000086a00000, 0x0000000086a00000, 0x0000000086b00000|  0%| F|  |TAMS 0x0000000086a00000, 0x0000000086a00000| Untracked 
|  57|0x0000000086b00000, 0x0000000086b00000, 0x0000000086c00000|  0%| F|  |TAMS 0x0000000086b00000, 0x0000000086b00000| Untracked 
|  58|0x0000000086c00000, 0x0000000086c00000, 0x0000000086d00000|  0%| F|  |TAMS 0x0000000086c00000, 0x0000000086c00000| Untracked 
|  59|0x0000000086d00000, 0x0000000086d00000, 0x0000000086e00000|  0%| F|  |TAMS 0x0000000086d00000, 0x0000000086d00000| Untracked 
|  60|0x0000000086e00000, 0x0000000086e00000, 0x0000000086f00000|  0%| F|  |TAMS 0x0000000086e00000, 0x0000000086e00000| Untracked 
|  61|0x0000000086f00000, 0x0000000087000000, 0x0000000087000000|100%| E|  |TAMS 0x0000000086f00000, 0x0000000086f00000| Complete 
|  62|0x0000000087000000, 0x0000000087100000, 0x0000000087100000|100%| E|CS|TAMS 0x0000000087000000, 0x0000000087000000| Complete 
|  63|0x0000000087100000, 0x0000000087200000, 0x0000000087200000|100%| E|CS|TAMS 0x0000000087100000, 0x0000000087100000| Complete 
|  64|0x0000000087200000, 0x0000000087300000, 0x0000000087300000|100%| E|CS|TAMS 0x0000000087200000, 0x0000000087200000| Complete 
|  65|0x0000000087300000, 0x0000000087400000, 0x0000000087400000|100%| E|CS|TAMS 0x0000000087300000, 0x0000000087300000| Complete 
|  66|0x0000000087400000, 0x0000000087500000, 0x0000000087500000|100%| E|CS|TAMS 0x0000000087400000, 0x0000000087400000| Complete 
|  67|0x0000000087500000, 0x0000000087600000, 0x0000000087600000|100%| E|CS|TAMS 0x0000000087500000, 0x0000000087500000| Complete 
|  68|0x0000000087600000, 0x0000000087700000, 0x0000000087700000|100%| E|CS|TAMS 0x0000000087600000, 0x0000000087600000| Complete 
|  69|0x0000000087700000, 0x0000000087800000, 0x0000000087800000|100%| E|CS|TAMS 0x0000000087700000, 0x0000000087700000| Complete 
|  70|0x0000000087800000, 0x0000000087900000, 0x0000000087900000|100%| E|CS|TAMS 0x0000000087800000, 0x0000000087800000| Complete 
|  71|0x0000000087900000, 0x0000000087a00000, 0x0000000087a00000|100%| E|CS|TAMS 0x0000000087900000, 0x0000000087900000| Complete 
|  72|0x0000000087a00000, 0x0000000087b00000, 0x0000000087b00000|100%| E|CS|TAMS 0x0000000087a00000, 0x0000000087a00000| Complete 
|  73|0x0000000087b00000, 0x0000000087c00000, 0x0000000087c00000|100%| E|CS|TAMS 0x0000000087b00000, 0x0000000087b00000| Complete 
|  74|0x0000000087c00000, 0x0000000087d00000, 0x0000000087d00000|100%| E|CS|TAMS 0x0000000087c00000, 0x0000000087c00000| Complete 
|  75|0x0000000087d00000, 0x0000000087e00000, 0x0000000087e00000|100%| E|CS|TAMS 0x0000000087d00000, 0x0000000087d00000| Complete 
|  76|0x0000000087e00000, 0x0000000087f00000, 0x0000000087f00000|100%| E|CS|TAMS 0x0000000087e00000, 0x0000000087e00000| Complete 
|  77|0x0000000087f00000, 0x0000000088000000, 0x0000000088000000|100%| E|CS|TAMS 0x0000000087f00000, 0x0000000087f00000| Complete 
|  78|0x0000000088000000, 0x0000000088100000, 0x0000000088100000|100%| E|CS|TAMS 0x0000000088000000, 0x0000000088000000| Complete 
|  79|0x0000000088100000, 0x0000000088200000, 0x0000000088200000|100%| E|CS|TAMS 0x0000000088100000, 0x0000000088100000| Complete 
|  80|0x0000000088200000, 0x0000000088300000, 0x0000000088300000|100%| E|CS|TAMS 0x0000000088200000, 0x0000000088200000| Complete 
|  81|0x0000000088300000, 0x0000000088400000, 0x0000000088400000|100%| E|CS|TAMS 0x0000000088300000, 0x0000000088300000| Complete 
|  82|0x0000000088400000, 0x0000000088500000, 0x0000000088500000|100%| E|CS|TAMS 0x0000000088400000, 0x0000000088400000| Complete 
|  83|0x0000000088500000, 0x0000000088600000, 0x0000000088600000|100%| E|CS|TAMS 0x0000000088500000, 0x0000000088500000| Complete 
|  84|0x0000000088600000, 0x0000000088700000, 0x0000000088700000|100%| E|CS|TAMS 0x0000000088600000, 0x0000000088600000| Complete 
|  85|0x0000000088700000, 0x0000000088800000, 0x0000000088800000|100%| E|CS|TAMS 0x0000000088700000, 0x0000000088700000| Complete 
|  86|0x0000000088800000, 0x0000000088900000, 0x0000000088900000|100%| E|CS|TAMS 0x0000000088800000, 0x0000000088800000| Complete 
|  87|0x0000000088900000, 0x0000000088a00000, 0x0000000088a00000|100%| E|CS|TAMS 0x0000000088900000, 0x0000000088900000| Complete 
|  88|0x0000000088a00000, 0x0000000088b00000, 0x0000000088b00000|100%| E|CS|TAMS 0x0000000088a00000, 0x0000000088a00000| Complete 
|  89|0x0000000088b00000, 0x0000000088c00000, 0x0000000088c00000|100%| E|CS|TAMS 0x0000000088b00000, 0x0000000088b00000| Complete 
|  90|0x0000000088c00000, 0x0000000088d00000, 0x0000000088d00000|100%| E|CS|TAMS 0x0000000088c00000, 0x0000000088c00000| Complete 
| 121|0x000000008ab00000, 0x000000008ac00000, 0x000000008ac00000|100%| E|CS|TAMS 0x000000008ab00000, 0x000000008ab00000| Complete 
| 125|0x000000008af00000, 0x000000008b000000, 0x000000008b000000|100%| E|CS|TAMS 0x000000008af00000, 0x000000008af00000| Complete 

Card table byte_map: [0x000001707f650000,0x000001707fa40000] _byte_map_base: 0x000001707f237000

Marking Bits (Prev, Next): (CMBitMap*) 0x0000017066c21ba0, (CMBitMap*) 0x0000017066c21be0
 Prev Bits: [0x0000017000000000, 0x0000017001f38000)
 Next Bits: [0x0000017001f40000, 0x0000017003e78000)

Polling page: 0x0000017066a20000

Metaspace:

Usage:
  Non-class:     67.68 MB used.
      Class:     10.55 MB used.
       Both:     78.23 MB used.

Virtual space:
  Non-class space:       72.00 MB reserved,      68.00 MB ( 94%) committed,  9 nodes.
      Class space:        1.00 GB reserved,      10.88 MB (  1%) committed,  1 nodes.
             Both:        1.07 GB reserved,      78.88 MB (  7%) committed. 

Chunk freelists:
   Non-Class:  3.91 MB
       Class:  1008.00 KB
        Both:  4.89 MB

MaxMetaspaceSize: unlimited
CompressedClassSpaceSize: 1.00 GB
Initial GC threshold: 21.00 MB
Current GC threshold: 121.88 MB
CDS: on
MetaspaceReclaimPolicy: balanced
 - commit_granule_bytes: 65536.
 - commit_granule_words: 8192.
 - virtual_space_node_default_size: 1048576.
 - enlarge_chunks_in_place: 1.
 - new_chunks_are_fully_committed: 0.
 - uncommit_free_chunks: 1.
 - use_allocation_guard: 0.
 - handle_deallocations: 1.


Internal statistics:

num_allocs_failed_limit: 12.
num_arena_births: 862.
num_arena_deaths: 0.
num_vsnodes_births: 10.
num_vsnodes_deaths: 0.
num_space_committed: 1262.
num_space_uncommitted: 0.
num_chunks_returned_to_freelist: 12.
num_chunks_taken_from_freelist: 3849.
num_chunk_merges: 12.
num_chunk_splits: 2772.
num_chunks_enlarged: 2202.
num_purges: 0.
num_inconsistent_stats: 0.

CodeHeap 'non-profiled nmethods': size=120000Kb used=4943Kb max_used=4943Kb free=115056Kb
 bounds [0x0000017077710000, 0x0000017077bf0000, 0x000001707ec40000]
CodeHeap 'profiled nmethods': size=120000Kb used=15010Kb max_used=15010Kb free=104989Kb
 bounds [0x000001706fc40000, 0x0000017070af0000, 0x0000017077170000]
CodeHeap 'non-nmethods': size=5760Kb used=1423Kb max_used=1497Kb free=4337Kb
 bounds [0x0000017077170000, 0x00000170773e0000, 0x0000017077710000]
 total_blobs=8507 nmethods=7834 adapters=584
 compilation: enabled
              stopped_count=0, restarted_count=0
 full_count=0

Compilation events (20 events):
Event: 17.990 Thread 0x00000170063940b0 8537       2       org.postgresql.core.CachedQueryCreateAction::create (335 bytes)
Event: 17.992 Thread 0x00000170063940b0 nmethod 8537 0x0000017070adfa90 code [0x0000017070adfe20, 0x0000017070ae0f68]
Event: 17.992 Thread 0x00000170063940b0 8539       2       org.postgresql.core.CachedQuery::<init> (70 bytes)
Event: 17.993 Thread 0x00000170063940b0 nmethod 8539 0x0000017070ae1b90 code [0x0000017070ae1da0, 0x0000017070ae22e8]
Event: 17.993 Thread 0x00000170063940b0 8541       2       org.postgresql.core.QueryExecutorBase::createQueryKey (53 bytes)
Event: 17.993 Thread 0x00000170063940b0 nmethod 8541 0x0000017070ae2590 code [0x0000017070ae2740, 0x0000017070ae2a28]
Event: 18.010 Thread 0x00000170063940b0 8542       2       org.postgresql.core.PGStream::receiveString (54 bytes)
Event: 18.010 Thread 0x00000170063940b0 nmethod 8542 0x0000017070ae2b90 code [0x0000017070ae2d60, 0x0000017070ae2ff8]
Event: 18.012 Thread 0x00000170063940b0 8543       2       org.jboss.logging.Slf4jLocationAwareLogger::doLog (54 bytes)
Event: 18.012 Thread 0x00000170063940b0 nmethod 8543 0x0000017070ae3210 code [0x0000017070ae3400, 0x0000017070ae3698]
Event: 18.013 Thread 0x00000170063940b0 8544       2       org.springframework.core.annotation.AnnotationTypeMapping::merge (46 bytes)
Event: 18.014 Thread 0x00000170063940b0 nmethod 8544 0x0000017070ae3890 code [0x0000017070ae3a80, 0x0000017070ae3ee8]
Event: 18.014 Thread 0x00000170063940b0 8548       2       org.springframework.core.annotation.AnnotationTypeMapping::computeSynthesizableFlag (226 bytes)
Event: 18.015 Thread 0x00000170063940b0 nmethod 8548 0x0000017070ae4190 code [0x0000017070ae43e0, 0x0000017070ae4a98]
Event: 18.015 Thread 0x00000170063940b0 8545       2       org.springframework.core.annotation.AnnotationTypeMapping::resolveAliasedForTargets (89 bytes)
Event: 18.015 Thread 0x00000170063940b0 nmethod 8545 0x0000017070ae4f90 code [0x0000017070ae5180, 0x0000017070ae5638]
Event: 18.015 Thread 0x00000170063940b0 8547       2       org.springframework.core.annotation.AnnotationTypeMapping::processAliases (70 bytes)
Event: 18.016 Thread 0x00000170063940b0 nmethod 8547 0x0000017070ae5910 code [0x0000017070ae5b00, 0x0000017070ae5fd8]
Event: 18.016 Thread 0x00000170063940b0 8546       2       org.springframework.core.annotation.AnnotationTypeMapping::addConventionMappings (264 bytes)
Event: 18.018 Thread 0x00000170063940b0 nmethod 8546 0x0000017070ae6390 code [0x0000017070ae6760, 0x0000017070ae7998]

GC Heap History (20 events):
Event: 12.072 GC heap before
{Heap before GC invocations=15 (full 0):
 garbage-first heap   total 78848K, used 61198K [0x0000000083200000, 0x0000000100000000)
  region size 1024K, 34 young (34816K), 2 survivors (2048K)
 Metaspace       used 52312K, committed 52800K, reserved 1097728K
  class space    used 6921K, committed 7168K, reserved 1048576K
}
Event: 12.077 GC heap after
{Heap after GC invocations=16 (full 0):
 garbage-first heap   total 78848K, used 29734K [0x0000000083200000, 0x0000000100000000)
  region size 1024K, 3 young (3072K), 3 survivors (3072K)
 Metaspace       used 52312K, committed 52800K, reserved 1097728K
  class space    used 6921K, committed 7168K, reserved 1048576K
}
Event: 13.028 GC heap before
{Heap before GC invocations=16 (full 0):
 garbage-first heap   total 78848K, used 62502K [0x0000000083200000, 0x0000000100000000)
  region size 1024K, 35 young (35840K), 3 survivors (3072K)
 Metaspace       used 58341K, committed 58880K, reserved 1105920K
  class space    used 7665K, committed 7936K, reserved 1048576K
}
Event: 13.034 GC heap after
{Heap after GC invocations=17 (full 0):
 garbage-first heap   total 78848K, used 31744K [0x0000000083200000, 0x0000000100000000)
  region size 1024K, 5 young (5120K), 5 survivors (5120K)
 Metaspace       used 58341K, committed 58880K, reserved 1105920K
  class space    used 7665K, committed 7936K, reserved 1048576K
}
Event: 13.236 GC heap before
{Heap before GC invocations=17 (full 0):
 garbage-first heap   total 78848K, used 38912K [0x0000000083200000, 0x0000000100000000)
  region size 1024K, 13 young (13312K), 5 survivors (5120K)
 Metaspace       used 59987K, committed 60480K, reserved 1105920K
  class space    used 7851K, committed 8064K, reserved 1048576K
}
Event: 13.243 GC heap after
{Heap after GC invocations=18 (full 0):
 garbage-first heap   total 78848K, used 31998K [0x0000000083200000, 0x0000000100000000)
  region size 1024K, 3 young (3072K), 3 survivors (3072K)
 Metaspace       used 59987K, committed 60480K, reserved 1105920K
  class space    used 7851K, committed 8064K, reserved 1048576K
}
Event: 14.062 GC heap before
{Heap before GC invocations=19 (full 0):
 garbage-first heap   total 78848K, used 62718K [0x0000000083200000, 0x0000000100000000)
  region size 1024K, 34 young (34816K), 3 survivors (3072K)
 Metaspace       used 66144K, committed 66688K, reserved 1114112K
  class space    used 8931K, committed 9216K, reserved 1048576K
}
Event: 14.067 GC heap after
{Heap after GC invocations=20 (full 0):
 garbage-first heap   total 78848K, used 33033K [0x0000000083200000, 0x0000000100000000)
  region size 1024K, 4 young (4096K), 4 survivors (4096K)
 Metaspace       used 66144K, committed 66688K, reserved 1114112K
  class space    used 8931K, committed 9216K, reserved 1048576K
}
Event: 14.692 GC heap before
{Heap before GC invocations=21 (full 0):
 garbage-first heap   total 78848K, used 64777K [0x0000000083200000, 0x0000000100000000)
  region size 1024K, 35 young (35840K), 4 survivors (4096K)
 Metaspace       used 69364K, committed 69888K, reserved 1114112K
  class space    used 9394K, committed 9664K, reserved 1048576K
}
Event: 14.698 GC heap after
{Heap after GC invocations=22 (full 0):
 garbage-first heap   total 78848K, used 35376K [0x0000000083200000, 0x0000000100000000)
  region size 1024K, 4 young (4096K), 4 survivors (4096K)
 Metaspace       used 69364K, committed 69888K, reserved 1114112K
  class space    used 9394K, committed 9664K, reserved 1048576K
}
Event: 15.341 GC heap before
{Heap before GC invocations=22 (full 0):
 garbage-first heap   total 78848K, used 64048K [0x0000000083200000, 0x0000000100000000)
  region size 1024K, 32 young (32768K), 4 survivors (4096K)
 Metaspace       used 72691K, committed 73216K, reserved 1114112K
  class space    used 9821K, committed 10048K, reserved 1048576K
}
Event: 15.349 GC heap after
{Heap after GC invocations=23 (full 0):
 garbage-first heap   total 78848K, used 37774K [0x0000000083200000, 0x0000000100000000)
  region size 1024K, 3 young (3072K), 3 survivors (3072K)
 Metaspace       used 72691K, committed 73216K, reserved 1114112K
  class space    used 9821K, committed 10048K, reserved 1048576K
}
Event: 15.549 GC heap before
{Heap before GC invocations=23 (full 0):
 garbage-first heap   total 78848K, used 62350K [0x0000000083200000, 0x0000000100000000)
  region size 1024K, 28 young (28672K), 3 survivors (3072K)
 Metaspace       used 73402K, committed 73920K, reserved 1114112K
  class space    used 9908K, committed 10176K, reserved 1048576K
}
Event: 15.553 GC heap after
{Heap after GC invocations=24 (full 0):
 garbage-first heap   total 78848K, used 38498K [0x0000000083200000, 0x0000000100000000)
  region size 1024K, 1 young (1024K), 1 survivors (1024K)
 Metaspace       used 73402K, committed 73920K, reserved 1114112K
  class space    used 9908K, committed 10176K, reserved 1048576K
}
Event: 15.790 GC heap before
{Heap before GC invocations=25 (full 0):
 garbage-first heap   total 78848K, used 65122K [0x0000000083200000, 0x0000000100000000)
  region size 1024K, 27 young (27648K), 1 survivors (1024K)
 Metaspace       used 73843K, committed 74432K, reserved 1114112K
  class space    used 9963K, committed 10240K, reserved 1048576K
}
Event: 15.793 GC heap after
{Heap after GC invocations=26 (full 0):
 garbage-first heap   total 78848K, used 39024K [0x0000000083200000, 0x0000000100000000)
  region size 1024K, 2 young (2048K), 2 survivors (2048K)
 Metaspace       used 73843K, committed 74432K, reserved 1114112K
  class space    used 9963K, committed 10240K, reserved 1048576K
}
Event: 15.973 GC heap before
{Heap before GC invocations=26 (full 0):
 garbage-first heap   total 78848K, used 64624K [0x0000000083200000, 0x0000000100000000)
  region size 1024K, 27 young (27648K), 2 survivors (2048K)
 Metaspace       used 74286K, committed 74816K, reserved 1114112K
  class space    used 9985K, committed 10240K, reserved 1048576K
}
Event: 15.976 GC heap after
{Heap after GC invocations=27 (full 0):
 garbage-first heap   total 95232K, used 39599K [0x0000000083200000, 0x0000000100000000)
  region size 1024K, 2 young (2048K), 2 survivors (2048K)
 Metaspace       used 74286K, committed 74816K, reserved 1114112K
  class space    used 9985K, committed 10240K, reserved 1048576K
}
Event: 16.806 GC heap before
{Heap before GC invocations=28 (full 0):
 garbage-first heap   total 95232K, used 79535K [0x0000000083200000, 0x0000000100000000)
  region size 1024K, 41 young (41984K), 2 survivors (2048K)
 Metaspace       used 77465K, committed 78016K, reserved 1122304K
  class space    used 10433K, committed 10688K, reserved 1048576K
}
Event: 16.816 GC heap after
{Heap after GC invocations=29 (full 0):
 garbage-first heap   total 95232K, used 41619K [0x0000000083200000, 0x0000000100000000)
  region size 1024K, 4 young (4096K), 4 survivors (4096K)
 Metaspace       used 77465K, committed 78016K, reserved 1122304K
  class space    used 10433K, committed 10688K, reserved 1048576K
}

Deoptimization events (20 events):
Event: 18.013 Thread 0x0000017066bc65b0 Uncommon trap: trap_request=0xffffffbe fr.pc=0x0000017077bd07ac relative=0x00000000000004cc
Event: 18.014 Thread 0x0000017066bc65b0 Uncommon trap: reason=profile_predicate action=maybe_recompile pc=0x0000017077bd07ac method=org.springframework.core.annotation.PackagesAnnotationFilter.matches(Ljava/lang/String;)Z @ 14 c2
Event: 18.014 Thread 0x0000017066bc65b0 DEOPT PACKING pc=0x0000017077bd07ac sp=0x000000020bffcfd0
Event: 18.014 Thread 0x0000017066bc65b0 DEOPT UNPACKING pc=0x00000170771c5ba3 sp=0x000000020bffce88 mode 2
Event: 18.043 Thread 0x0000017066bc65b0 DEOPT PACKING pc=0x000001706fca461c sp=0x000000020bff93c0
Event: 18.043 Thread 0x0000017066bc65b0 DEOPT UNPACKING pc=0x00000170771c66e3 sp=0x000000020bff8928 mode 1
Event: 18.054 Thread 0x0000017066bc65b0 DEOPT PACKING pc=0x000001706fca19c4 sp=0x000000020bff9fa0
Event: 18.054 Thread 0x0000017066bc65b0 DEOPT UNPACKING pc=0x00000170771c66e3 sp=0x000000020bff94c8 mode 1
Event: 18.054 Thread 0x0000017066bc65b0 DEOPT PACKING pc=0x0000017077a6e7d0 sp=0x000000020bffa080
Event: 18.054 Thread 0x0000017066bc65b0 DEOPT UNPACKING pc=0x00000170771c66e3 sp=0x000000020bff9500 mode 1
Event: 18.054 Thread 0x0000017066bc65b0 DEOPT PACKING pc=0x00000170707045a4 sp=0x000000020bffa0b0
Event: 18.054 Thread 0x0000017066bc65b0 DEOPT UNPACKING pc=0x00000170771c66e3 sp=0x000000020bff95a0 mode 1
Event: 18.061 Thread 0x0000017066bc65b0 Uncommon trap: trap_request=0xffffffde fr.pc=0x000001707781bdcc relative=0x00000000000015ac
Event: 18.061 Thread 0x0000017066bc65b0 Uncommon trap: reason=class_check action=maybe_recompile pc=0x000001707781bdcc method=java.util.zip.InflaterInputStream.read([BII)I @ 100 c2
Event: 18.061 Thread 0x0000017066bc65b0 DEOPT PACKING pc=0x000001707781bdcc sp=0x000000020bff9bb0
Event: 18.061 Thread 0x0000017066bc65b0 DEOPT UNPACKING pc=0x00000170771c5ba3 sp=0x000000020bff9c10 mode 2
Event: 18.061 Thread 0x0000017066bc65b0 Uncommon trap: trap_request=0xffffffde fr.pc=0x000001707781bdcc relative=0x00000000000015ac
Event: 18.061 Thread 0x0000017066bc65b0 Uncommon trap: reason=class_check action=maybe_recompile pc=0x000001707781bdcc method=java.util.zip.InflaterInputStream.read([BII)I @ 100 c2
Event: 18.061 Thread 0x0000017066bc65b0 DEOPT PACKING pc=0x000001707781bdcc sp=0x000000020bff9bb0
Event: 18.061 Thread 0x0000017066bc65b0 DEOPT UNPACKING pc=0x00000170771c5ba3 sp=0x000000020bff9c10 mode 2

Classes unloaded (0 events):
No events

Classes redefined (0 events):
No events

Internal exceptions (20 events):
Event: 15.556 Thread 0x0000017066bc65b0 Exception <a 'java/lang/reflect/InvocationTargetException'{0x000000008af77488}> (0x000000008af77488) 
thrown [s\open\src\hotspot\share\runtime\reflection.cpp, line 1121]
Event: 15.600 Thread 0x0000017066bc65b0 Exception <a 'java/lang/reflect/InvocationTargetException'{0x00000000879d2a88}> (0x00000000879d2a88) 
thrown [s\open\src\hotspot\share\runtime\reflection.cpp, line 1121]
Event: 15.652 Thread 0x0000017066bc65b0 Exception <a 'java/lang/reflect/InvocationTargetException'{0x000000008722f7c0}> (0x000000008722f7c0) 
thrown [s\open\src\hotspot\share\runtime\reflection.cpp, line 1121]
Event: 15.658 Thread 0x0000017066bc65b0 Exception <a 'java/lang/reflect/InvocationTargetException'{0x00000000872427c8}> (0x00000000872427c8) 
thrown [s\open\src\hotspot\share\runtime\reflection.cpp, line 1121]
Event: 15.756 Thread 0x0000017066bc65b0 Exception <a 'java/lang/reflect/InvocationTargetException'{0x0000000086840e78}> (0x0000000086840e78) 
thrown [s\open\src\hotspot\share\runtime\reflection.cpp, line 1121]
Event: 15.758 Thread 0x0000017066bc65b0 Exception <a 'java/lang/reflect/InvocationTargetException'{0x000000008684e648}> (0x000000008684e648) 
thrown [s\open\src\hotspot\share\runtime\reflection.cpp, line 1121]
Event: 15.827 Thread 0x0000017066bc65b0 Exception <a 'java/lang/reflect/InvocationTargetException'{0x0000000087888528}> (0x0000000087888528) 
thrown [s\open\src\hotspot\share\runtime\reflection.cpp, line 1121]
Event: 15.947 Thread 0x0000017066bc65b0 Exception <a 'java/lang/reflect/InvocationTargetException'{0x00000000868750c8}> (0x00000000868750c8) 
thrown [s\open\src\hotspot\share\runtime\reflection.cpp, line 1121]
Event: 16.011 Thread 0x0000017066bc65b0 Exception <a 'java/lang/reflect/InvocationTargetException'{0x00000000887b65c0}> (0x00000000887b65c0) 
thrown [s\open\src\hotspot\share\runtime\reflection.cpp, line 1121]
Event: 16.021 Thread 0x0000017066bc65b0 Exception <a 'java/lang/reflect/InvocationTargetException'{0x00000000887d6a28}> (0x00000000887d6a28) 
thrown [s\open\src\hotspot\share\runtime\reflection.cpp, line 1121]
Event: 16.240 Thread 0x0000017066bc65b0 Implicit null exception at 0x00000170778fe3bd to 0x00000170778fe81f
Event: 16.686 Thread 0x0000017066bc65b0 Exception <a 'java/lang/IncompatibleClassChangeError'{0x0000000086ba5cd0}: Found class java.lang.Object, but interface was expected> (0x0000000086ba5cd0) 
thrown [s\open\src\hotspot\share\interpreter\linkResolver.cpp, line 826]
Event: 16.844 Thread 0x0000017066bc65b0 Exception <a 'java/lang/NoSuchMethodError'{0x000000008afc5728}: 'void java.lang.invoke.DirectMethodHandle$Holder.invokeVirtual(java.lang.Object, java.lang.Object, long)'> (0x000000008afc5728) 
thrown [s\open\src\hotspot\share\interpreter\linkResolver.cpp, line 759]
Event: 17.111 Thread 0x0000017066bc65b0 Exception <a 'sun/nio/fs/WindowsException'{0x0000000088790dd0}> (0x0000000088790dd0) 
thrown [s\open\src\hotspot\share\prims\jni.cpp, line 516]
Event: 17.146 Thread 0x0000017066bc65b0 Exception <a 'java/lang/IncompatibleClassChangeError'{0x000000008852a1b0}: Found class java.lang.Object, but interface was expected> (0x000000008852a1b0) 
thrown [s\open\src\hotspot\share\interpreter\linkResolver.cpp, line 826]
Event: 17.350 Thread 0x0000017066bc65b0 Exception <a 'java/lang/NoSuchMethodError'{0x000000008782fb78}: 'java.lang.Object java.lang.invoke.DirectMethodHandle$Holder.newInvokeSpecial(java.lang.Object, java.lang.Object, int, java.lang.Object, java.lang.Object)'> (0x000000008782fb78) 
thrown [s\open\src\hotspot\share\interpreter\linkResolver.cpp, line 759]
Event: 17.351 Thread 0x0000017066bc65b0 Exception <a 'java/lang/NoSuchMethodError'{0x000000008783b648}: 'java.lang.Object java.lang.invoke.DirectMethodHandle$Holder.invokeSpecial(java.lang.Object, java.lang.Object, int, java.lang.Object, int, java.lang.Object)'> (0x000000008783b648) 
thrown [s\open\src\hotspot\share\interpreter\linkResolver.cpp, line 759]
Event: 17.352 Thread 0x0000017066bc65b0 Exception <a 'java/lang/NoSuchMethodError'{0x0000000087843c48}: 'java.lang.Object java.lang.invoke.DirectMethodHandle$Holder.newInvokeSpecial(java.lang.Object, java.lang.Object, int, java.lang.Object, int)'> (0x0000000087843c48) 
thrown [s\open\src\hotspot\share\interpreter\linkResolver.cpp, line 759]
Event: 17.352 Thread 0x0000017066bc65b0 Exception <a 'java/lang/NoSuchMethodError'{0x0000000087848298}: 'java.lang.Object java.lang.invoke.DirectMethodHandle$Holder.invokeSpecial(java.lang.Object, java.lang.Object, java.lang.Object, int, java.lang.Object, int)'> (0x0000000087848298) 
thrown [s\open\src\hotspot\share\interpreter\linkResolver.cpp, line 759]
Event: 18.054 Thread 0x0000017066bc65b0 Exception <a 'java/lang/reflect/InvocationTargetException'{0x0000000086fbf440}> (0x0000000086fbf440) 
thrown [s\open\src\hotspot\share\runtime\reflection.cpp, line 1121]

VM Operations (20 events):
Event: 16.049 Executing VM operation: G1Concurrent
Event: 16.052 Executing VM operation: G1Concurrent done
Event: 16.080 Executing VM operation: G1Concurrent
Event: 16.080 Executing VM operation: G1Concurrent done
Event: 16.197 Executing VM operation: HandshakeAllThreads
Event: 16.197 Executing VM operation: HandshakeAllThreads done
Event: 16.414 Executing VM operation: HandshakeAllThreads
Event: 16.414 Executing VM operation: HandshakeAllThreads done
Event: 16.455 Executing VM operation: HandshakeAllThreads
Event: 16.455 Executing VM operation: HandshakeAllThreads done
Event: 16.500 Executing VM operation: HandshakeAllThreads
Event: 16.500 Executing VM operation: HandshakeAllThreads done
Event: 16.502 Executing VM operation: HandshakeAllThreads
Event: 16.502 Executing VM operation: HandshakeAllThreads done
Event: 16.806 Executing VM operation: G1CollectForAllocation
Event: 16.818 Executing VM operation: G1CollectForAllocation done
Event: 16.990 Executing VM operation: HandshakeAllThreads
Event: 16.990 Executing VM operation: HandshakeAllThreads done
Event: 17.483 Executing VM operation: HandshakeAllThreads
Event: 17.483 Executing VM operation: HandshakeAllThreads done

Events (20 events):
Event: 18.053 loading class net/bytebuddy/agent/ByteBuddyAgent$ProcessProvider$ForCurrentVm$ForJava9CapableVm
Event: 18.053 loading class net/bytebuddy/agent/ByteBuddyAgent$ProcessProvider$ForCurrentVm$ForJava9CapableVm done
Event: 18.053 loading class net/bytebuddy/agent/Installer
Event: 18.053 loading class net/bytebuddy/agent/Installer done
Event: 18.055 loading class net/bytebuddy/agent/ByteBuddyAgent$AgentProvider$ForByteBuddyAgent
Event: 18.055 loading class net/bytebuddy/agent/ByteBuddyAgent$AgentProvider$ForByteBuddyAgent done
Event: 18.056 loading class net/bytebuddy/agent/ByteBuddyAgent$AttachmentProvider$Accessor$Simple
Event: 18.056 loading class net/bytebuddy/agent/ByteBuddyAgent$AttachmentProvider$Accessor$Simple done
Event: 18.056 loading class net/bytebuddy/agent/ByteBuddyAgent$AttachmentProvider$Accessor$Simple$WithExternalAttachment
Event: 18.056 loading class net/bytebuddy/agent/ByteBuddyAgent$AttachmentProvider$Accessor$Simple$WithExternalAttachment done
Event: 18.058 loading class net/bytebuddy/agent/ByteBuddyAgent$AttachmentProvider$Accessor$ExternalAttachment
Event: 18.058 loading class net/bytebuddy/agent/ByteBuddyAgent$AttachmentProvider$Accessor$ExternalAttachment done
Event: 18.059 loading class java/util/jar/JarInputStream
Event: 18.059 loading class java/util/zip/ZipInputStream
Event: 18.060 loading class java/util/zip/ZipInputStream done
Event: 18.060 loading class java/util/jar/JarInputStream done
Event: 18.061 loading class sun/security/util/ManifestEntryVerifier
Event: 18.061 loading class sun/security/util/ManifestEntryVerifier done
Event: 18.062 loading class net/bytebuddy/agent/Attacher
Event: 18.062 loading class net/bytebuddy/agent/Attacher done


Dynamic libraries:
0x00007ff7eacd0000 - 0x00007ff7eace0000 	C:\Program Files\Java\jdk-17\bin\java.exe
0x00007ffd82f70000 - 0x00007ffd83167000 	C:\Windows\SYSTEM32\ntdll.dll
0x00007ffd81610000 - 0x00007ffd816cd000 	C:\Windows\System32\KERNEL32.DLL
0x00007ffd80960000 - 0x00007ffd80c56000 	C:\Windows\System32\KERNELBASE.dll
0x00007ffd80ed0000 - 0x00007ffd80fd0000 	C:\Windows\System32\ucrtbase.dll
0x00007ffd56f40000 - 0x00007ffd56f58000 	C:\Program Files\Java\jdk-17\bin\jli.dll
0x00007ffd816d0000 - 0x00007ffd8177e000 	C:\Windows\System32\ADVAPI32.dll
0x00007ffd82900000 - 0x00007ffd8299e000 	C:\Windows\System32\msvcrt.dll
0x00007ffd82c50000 - 0x00007ffd82cec000 	C:\Windows\System32\sechost.dll
0x00007ffd81070000 - 0x00007ffd81196000 	C:\Windows\System32\RPCRT4.dll
0x00007ffd81b60000 - 0x00007ffd81cfe000 	C:\Windows\System32\USER32.dll
0x00007ffd80930000 - 0x00007ffd80952000 	C:\Windows\System32\win32u.dll
0x00007ffd80fe0000 - 0x00007ffd8100c000 	C:\Windows\System32\GDI32.dll
0x00007ffd80d40000 - 0x00007ffd80e5a000 	C:\Windows\System32\gdi32full.dll
0x00007ffd80890000 - 0x00007ffd8092d000 	C:\Windows\System32\msvcp_win.dll
0x00007ffd56f20000 - 0x00007ffd56f3b000 	C:\Program Files\Java\jdk-17\bin\VCRUNTIME140.dll
0x00007ffd7f910000 - 0x00007ffd7fbaa000 	C:\Windows\WinSxS\amd64_microsoft.windows.common-controls_6595b64144ccf1df_6.0.19041.3570_none_60bb2a3971f3e41a\COMCTL32.dll
0x00007ffd7d870000 - 0x00007ffd7d87a000 	C:\Windows\SYSTEM32\VERSION.dll
0x00007ffd82cf0000 - 0x00007ffd82d20000 	C:\Windows\System32\IMM32.DLL
0x00007ffd56f10000 - 0x00007ffd56f1c000 	C:\Program Files\Java\jdk-17\bin\vcruntime140_1.dll
0x00007ffd56e80000 - 0x00007ffd56f0e000 	C:\Program Files\Java\jdk-17\bin\msvcp140.dll
0x00007ffd562a0000 - 0x00007ffd56e77000 	C:\Program Files\Java\jdk-17\bin\server\jvm.dll
0x00007ffd82ba0000 - 0x00007ffd82ba8000 	C:\Windows\System32\PSAPI.DLL
0x00007ffd64410000 - 0x00007ffd64419000 	C:\Windows\SYSTEM32\WSOCK32.dll
0x00007ffd829a0000 - 0x00007ffd82a0b000 	C:\Windows\System32\WS2_32.dll
0x00007ffd65120000 - 0x00007ffd65147000 	C:\Windows\SYSTEM32\WINMM.dll
0x00007ffd7d850000 - 0x00007ffd7d862000 	C:\Windows\SYSTEM32\kernel.appcore.dll
0x00007ffd56290000 - 0x00007ffd5629a000 	C:\Program Files\Java\jdk-17\bin\jimage.dll
0x00007ffd7ffe0000 - 0x00007ffd801c4000 	C:\Windows\SYSTEM32\DBGHELP.DLL
0x00007ffd7ffa0000 - 0x00007ffd7ffd4000 	C:\Windows\SYSTEM32\dbgcore.DLL
0x00007ffd80650000 - 0x00007ffd806d2000 	C:\Windows\System32\bcryptPrimitives.dll
0x00007ffd773a0000 - 0x00007ffd773db000 	C:\Program Files\Java\jdk-17\bin\jdwp.dll
0x00007ffd7da40000 - 0x00007ffd7da4e000 	C:\Program Files\Java\jdk-17\bin\instrument.dll
0x00007ffd56260000 - 0x00007ffd56285000 	C:\Program Files\Java\jdk-17\bin\java.dll
0x00007ffd55d70000 - 0x00007ffd55d88000 	C:\Program Files\Java\jdk-17\bin\zip.dll
0x00007ffd56180000 - 0x00007ffd56257000 	C:\Program Files\Java\jdk-17\bin\jsvml.dll
0x00007ffd81f10000 - 0x00007ffd82654000 	C:\Windows\System32\SHELL32.dll
0x00007ffd7e040000 - 0x00007ffd7e7db000 	C:\Windows\SYSTEM32\windows.storage.dll
0x00007ffd81800000 - 0x00007ffd81b54000 	C:\Windows\System32\combase.dll
0x00007ffd7f8d0000 - 0x00007ffd7f8fd000 	C:\Windows\SYSTEM32\Wldp.dll
0x00007ffd82af0000 - 0x00007ffd82b9d000 	C:\Windows\System32\SHCORE.dll
0x00007ffd82d20000 - 0x00007ffd82d75000 	C:\Windows\System32\shlwapi.dll
0x00007ffd80580000 - 0x00007ffd805a5000 	C:\Windows\SYSTEM32\profapi.dll
0x00007ffd7b110000 - 0x00007ffd7b11c000 	C:\Program Files\Java\jdk-17\bin\dt_socket.dll
0x00007ffd7f340000 - 0x00007ffd7f37b000 	C:\Windows\SYSTEM32\IPHLPAPI.DLL
0x00007ffd7f780000 - 0x00007ffd7f7ea000 	C:\Windows\system32\mswsock.dll
0x00007ffd55db0000 - 0x00007ffd55dc9000 	C:\Program Files\Java\jdk-17\bin\net.dll
0x00007ffd78d60000 - 0x00007ffd78e6a000 	C:\Windows\SYSTEM32\WINHTTP.dll
0x00007ffd55d90000 - 0x00007ffd55da6000 	C:\Program Files\Java\jdk-17\bin\nio.dll
0x00007ffd55300000 - 0x00007ffd55310000 	C:\Program Files\Java\jdk-17\bin\verify.dll
0x00007ffd803c0000 - 0x00007ffd803d8000 	C:\Windows\SYSTEM32\CRYPTSP.dll
0x00007ffd7efc0000 - 0x00007ffd7eff4000 	C:\Windows\system32\rsaenh.dll
0x00007ffd80c60000 - 0x00007ffd80c87000 	C:\Windows\System32\bcrypt.dll
0x00007ffd80540000 - 0x00007ffd8056e000 	C:\Windows\SYSTEM32\USERENV.dll
0x00007ffd7f7f0000 - 0x00007ffd7f7fc000 	C:\Windows\SYSTEM32\CRYPTBASE.dll
0x00007ffd82bb0000 - 0x00007ffd82bb8000 	C:\Windows\System32\NSI.dll
0x00007ffd75c70000 - 0x00007ffd75c87000 	C:\Windows\SYSTEM32\dhcpcsvc6.DLL
0x00007ffd75cc0000 - 0x00007ffd75cdd000 	C:\Windows\SYSTEM32\dhcpcsvc.DLL
0x00007ffd7f380000 - 0x00007ffd7f44a000 	C:\Windows\SYSTEM32\DNSAPI.dll
0x00007ffd746d0000 - 0x00007ffd746da000 	C:\Windows\System32\rasadhlp.dll
0x00007ffd74480000 - 0x00007ffd74502000 	C:\Windows\System32\fwpuclnt.dll
0x00007ffd55370000 - 0x00007ffd5537d000 	C:\Program Files\Java\jdk-17\bin\sunmscapi.dll
0x00007ffd806e0000 - 0x00007ffd8083d000 	C:\Windows\System32\CRYPT32.dll
0x00007ffd7fca0000 - 0x00007ffd7fcc7000 	C:\Windows\SYSTEM32\ncrypt.dll
0x00007ffd7fc60000 - 0x00007ffd7fc9b000 	C:\Windows\SYSTEM32\NTASN1.dll
0x00007ffd77a00000 - 0x00007ffd77a0a000 	C:\Program Files\Java\jdk-17\bin\management.dll
0x00007ffd779f0000 - 0x00007ffd779fb000 	C:\Program Files\Java\jdk-17\bin\management_ext.dll
0x00007ffd77390000 - 0x00007ffd77397000 	C:\Windows\system32\wshunix.dll

dbghelp: loaded successfully - version: 4.0.5 - missing functions: none
symbol engine: initialized successfully - sym options: 0x614 - pdb path: .;C:\Program Files\Java\jdk-17\bin;C:\Windows\SYSTEM32;C:\Windows\WinSxS\amd64_microsoft.windows.common-controls_6595b64144ccf1df_6.0.19041.3570_none_60bb2a3971f3e41a;C:\Program Files\Java\jdk-17\bin\server

VM Arguments:
jvm_args: -agentlib:jdwp=transport=dt_socket,address=127.0.0.1:64786,suspend=y,server=n -ea -Didea.test.cyclic.buffer.size=1048576 -javaagent:C:\Users\Тос\AppData\Local\JetBrains\IntelliJIdea2022.1\captureAgent\debugger-agent.jar -Dfile.encoding=UTF-8 
java_command: com.intellij.rt.junit.JUnitStarter -ideVersion5 -junit5 integration.RealWebServiceServerIT
java_class_path (initial): C:\Users\Тос\.m2\repository\org\junit\platform\junit-platform-launcher\1.10.1\junit-platform-launcher-1.10.1.jar;C:\Users\Тос\.m2\repository\org\junit\vintage\junit-vintage-engine\5.10.1\junit-vintage-engine-5.10.1.jar;C:\Program Files\JetBrains\IntelliJ IDEA 2022.1.2\lib\idea_rt.jar;C:\Program Files\JetBrains\IntelliJ IDEA 2022.1.2\plugins\junit\lib\junit5-rt.jar;C:\Program Files\JetBrains\IntelliJ IDEA 2022.1.2\plugins\junit\lib\junit-rt.jar;C:\Docs\Java Projects\workcontrol_2.0\web\target\test-classes;C:\Docs\Java Projects\workcontrol_2.0\web\target\classes;C:\Users\Тос\AppData\Roaming\JetBrains\IntelliJIdea2022.1\javascript\extLibs\http_cdnjs.cloudflare.com_ajax_libs_font-awesome_6.0.0-beta3_css_all.css;C:\Users\Тос\AppData\Roaming\JetBrains\IntelliJIdea2022.1\javascript\extLibs\http_cdnjs.cloudflare.com_ajax_libs_jquery_2.1.3_jquery.js;C:\Users\Тос\AppData\Roaming\JetBrains\IntelliJIdea2022.1\javascript\extLibs\http_unpkg.com_tabulator-tables@5.6.0_dist_css_tabulator_site.css;C:\Users\Тос\AppData\Roaming\JetBrains\IntelliJIdea2022.1\javascript\extLibs\http_unpkg.com_tabulator-tables@5.6.0_dist_js_tabulator.js;C:\Users\Тос\.m2\repository\org\springframework\boot\spring-boot-starter-web\3.2.0\spring-boot-starter-web-3.2.0.jar;C:\Users\Тос\.m2\repository\org\springframework\boot\spring-boot-starter\3.2.0\spring-boot-starter-3.2.0.jar;C:\Users\Тос\.m2\repository\org\springframework\boot\spring-boot\3.2.0\spring-boot-3.2.0.jar;C:\Users\Тос\.m2\repository\org\springframework\boot\spring-boot-autoconfigure\3.2.0\spring-boot-autoconfigure-3.2.0.jar;C:\Users\Тос\.m2\repository\jakarta\annotation\jakarta.annotation-api\2.1.1\jakarta.annotation-api-2.1.1.jar;C:\Users\Тос\.m2\repository\org\yaml\snakeyaml\2.2\snakeyaml-2.2.jar;C:\Users\Тос\.m2\repository\org\springframework\boot\spring-boot-starter-json\3.2.0\spring-boot-starter-json-3.2.0.jar;C:\Users\Тос\.m2\repository\com\fasterxml\jackson\datatype\jackson-datatype-jdk8\2.15.3\jackson-dataty
Launcher Type: SUN_STANDARD

[Global flags]
     intx CICompilerCount                          = 3                                         {product} {ergonomic}
     uint ConcGCThreads                            = 1                                         {product} {ergonomic}
     uint G1ConcRefinementThreads                  = 4                                         {product} {ergonomic}
   size_t G1HeapRegionSize                         = 1048576                                   {product} {ergonomic}
    uintx GCDrainStackTargetSize                   = 64                                        {product} {ergonomic}
   size_t InitialHeapSize                          = 132120576                                 {product} {ergonomic}
   size_t MarkStackSize                            = 4194304                                   {product} {ergonomic}
   size_t MaxHeapSize                              = 2095054848                                {product} {ergonomic}
   size_t MaxNewSize                               = 1256194048                                {product} {ergonomic}
   size_t MinHeapDeltaBytes                        = 1048576                                   {product} {ergonomic}
   size_t MinHeapSize                              = 8388608                                   {product} {ergonomic}
    uintx NonNMethodCodeHeapSize                   = 5832780                                {pd product} {ergonomic}
    uintx NonProfiledCodeHeapSize                  = 122912730                              {pd product} {ergonomic}
    uintx ProfiledCodeHeapSize                     = 122912730                              {pd product} {ergonomic}
    uintx ReservedCodeCacheSize                    = 251658240                              {pd product} {ergonomic}
     bool SegmentedCodeCache                       = true                                      {product} {ergonomic}
   size_t SoftMaxHeapSize                          = 2095054848                             {manageable} {ergonomic}
     bool UseCompressedClassPointers               = true                           {product lp64_product} {ergonomic}
     bool UseCompressedOops                        = true                           {product lp64_product} {ergonomic}
     bool UseG1GC                                  = true                                      {product} {ergonomic}
     bool UseLargePagesIndividualAllocation        = false                                  {pd product} {ergonomic}

Logging:
Log output configuration:
 #0: stdout all=warning uptime,level,tags
 #1: stderr all=off uptime,level,tags

Environment Variables:
JAVA_HOME=C:\Program Files\Java\jdk-17
PATH=C:\Program Files\Common Files\Oracle\Java\javapath;C:\Windows\system32;C:\Windows;C:\Windows\System32\Wbem;C:\Windows\System32\WindowsPowerShell\v1.0\;C:\Windows\System32\OpenSSH\;C:\Program Files\Docker\Docker\resources\bin;C:\Program Files\Git\cmd;C:\Program Files\Kubernetes\Minikube;C:\minikube;C:\Program Files\PuTTY\;C:\Users\Тос\scoop\apps\avr-gcc\12.1.0\libexec\gcc\avr\12.1.0;C:\Program Files\nodejs\;C:\Users\Тос\scoop\shims;C:\Users\Тос\.cargo\bin;C:\Docs\python\Scripts\;C:\Docs\python\;C:\Users\Тос\AppData\Local\Microsoft\WindowsApps;C:\Users\Тос\AppData\Local\GitHubDesktop\bin;C:\Program Files\JetBrains\RustRover 233.13135.116\bin;;C:\Docs\Microsoft VS Code\bin;C:\Users\Тос\AppData\Roaming\npm
USERNAME=Totos
OS=Windows_NT
PROCESSOR_IDENTIFIER=Intel64 Family 6 Model 140 Stepping 1, GenuineIntel



---------------  S Y S T E M  ---------------

OS:
 Windows 10 , 64 bit Build 19041 (10.0.19041.3570)
OS uptime: 2 days 20:49 hours
Hyper-V role detected

CPU: total 4 (initial active 4) (2 cores per cpu, 2 threads per core) family 6 model 140 stepping 1 microcode 0x8a, cx8, cmov, fxsr, ht, mmx, 3dnowpref, sse, sse2, sse3, ssse3, sse4.1, sse4.2, popcnt, lzcnt, tsc, tscinvbit, avx, avx2, aes, erms, clmul, bmi1, bmi2, adx, avx512f, avx512dq, avx512cd, avx512bw, avx512vl, sha, fma, vzeroupper, avx512_vpopcntdq, avx512_vpclmulqdq, avx512_vaes, avx512_vnni, clflush, clflushopt, clwb, avx512_vbmi2, avx512_vbmi, hv

Memory: 4k page, system-wide physical 7991M (533M free)
TotalPageFile size 32567M (AvailPageFile size 13M)
current process WorkingSet (physical memory assigned to process): 364M, peak: 373M
current process commit charge ("private bytes"): 397M, peak: 406M

vm_info: Java HotSpot(TM) 64-Bit Server VM (17.0.6+9-LTS-190) for windows-amd64 JRE (17.0.6+9-LTS-190), built on Dec  6 2022 15:53:54 by "mach5one" with MS VC++ 17.1 (VS2022)

END.
