#
# There is insufficient memory for the Java Runtime Environment to continue.
# Native memory allocation (mmap) failed to map 132120576 bytes for G1 virtual space
# Possible reasons:
#   The system is out of physical RAM or swap space
#   The process is running with CompressedOops enabled, and the Java Heap may be blocking the growth of the native heap
# Possible solutions:
#   Reduce memory load on the system
#   Increase physical memory or swap space
#   Check if swap backing store is full
#   Decrease Java heap size (-Xmx/-Xms)
#   Decrease number of Java threads
#   Decrease Java thread stack sizes (-Xss)
#   Set larger code cache with -XX:ReservedCodeCacheSize=
#   JVM is running with Unscaled Compressed Oops mode in which the Java heap is
#     placed in the first 4GB address space. The Java Heap base address is the
#     maximum limit for the native heap growth. Please use -XX:HeapBaseMinAddress
#     to set the Java Heap base and to place the Java Heap above 4GB virtual address.
# This output file may be truncated or incomplete.
#
#  Out of Memory Error (os_windows.cpp:3550), pid=8668, tid=8808
#
# JRE version:  (17.0.6+9) (build )
# Java VM: Java HotSpot(TM) 64-Bit Server VM (17.0.6+9-LTS-190, mixed mode, sharing, tiered, compressed oops, compressed class ptrs, g1 gc, windows-amd64)
# No core dump will be written. Minidumps are not enabled by default on client versions of Windows
#

---------------  S U M M A R Y ------------

Command Line: -Dnet.bytebuddy.agent.attacher.dump= net.bytebuddy.agent.Attacher com.sun.tools.attach.VirtualMachine 9720 C:\Users\Тос\.m2\repository\net\bytebuddy\byte-buddy-agent\1.14.10\byte-buddy-agent-1.14.10.jar false 

Host: Intel(R) Pentium(R) Gold 7505 @ 2.00GHz, 4 cores, 7G,  Windows 10 , 64 bit Build 19041 (10.0.19041.3570)
Time: Wed Mar 20 03:37:02 2024 RTZ 2 (s 10 , 64 bit Build 19041 (10.0.19041.3570) elapsed time: 0.012272 seconds (0d 0h 0m 0s)

---------------  T H R E A D  ---------------

Current thread (0x000001a45c7ad120):  JavaThread "Unknown thread" [_thread_in_vm, id=8808, stack(0x0000007d8d300000,0x0000007d8d400000)]

Stack: [0x0000007d8d300000,0x0000007d8d400000]
Native frames: (J=compiled Java code, j=interpreted, Vv=VM code, C=native code)
V  [jvm.dll+0x6734ea]
V  [jvm.dll+0x7d18f4]
V  [jvm.dll+0x7d309e]
V  [jvm.dll+0x7d3703]
V  [jvm.dll+0x2433c5]
V  [jvm.dll+0x6703f9]
V  [jvm.dll+0x664d32]
V  [jvm.dll+0x300086]
V  [jvm.dll+0x307606]
V  [jvm.dll+0x356c1e]
V  [jvm.dll+0x356e4f]
V  [jvm.dll+0x2d72e8]
V  [jvm.dll+0x2d8254]
V  [jvm.dll+0x7a33b1]
V  [jvm.dll+0x3647f1]
V  [jvm.dll+0x782839]
V  [jvm.dll+0x3e757f]
V  [jvm.dll+0x3e9001]
C  [jli.dll+0x5297]
C  [ucrtbase.dll+0x21bb2]
C  [KERNEL32.DLL+0x17344]
C  [ntdll.dll+0x526b1]


---------------  P R O C E S S  ---------------

Threads class SMR info:
_java_thread_list=0x00007ffd56d4e958, length=0, elements={
}

Java Threads: ( => current thread )

Other Threads:
  0x000001a45c804300 GCTaskThread "GC Thread#0" [stack: 0x0000007d8d400000,0x0000007d8d500000] [id=3900]
  0x000001a45c815c10 ConcurrentGCThread "G1 Main Marker" [stack: 0x0000007d8d500000,0x0000007d8d600000] [id=3700]
  0x000001a45c816620 ConcurrentGCThread "G1 Conc#0" [stack: 0x0000007d8d600000,0x0000007d8d700000] [id=12124]

[error occurred during error reporting (printing all threads), id 0xc0000005, EXCEPTION_ACCESS_VIOLATION (0xc0000005) at pc=0x00007ffd56587f07]

VM state: not at safepoint (not fully initialized)

VM Mutex/Monitor currently owned by a thread:  ([mutex/lock_event])
[0x000001a45c7a8be0] Heap_lock - owner thread: 0x000001a45c7ad120

Heap address: 0x0000000083200000, size: 1998 MB, Compressed Oops mode: 32-bit

CDS archive(s) mapped at: [0x0000000000000000-0x0000000000000000-0x0000000000000000), size 0, SharedBaseAddress: 0x0000000800000000, ArchiveRelocationMode: 0.
Narrow klass base: 0x0000000000000000, Narrow klass shift: 0, Narrow klass range: 0x0

GC Precious Log:
<Empty>

Heap:
 garbage-first heap   total 0K, used 0K [0x0000000083200000, 0x0000000100000000)
  region size 1024K, 0 young (0K), 0 survivors (0K)

[error occurred during error reporting (printing heap information), id 0xc0000005, EXCEPTION_ACCESS_VIOLATION (0xc0000005) at pc=0x00007ffd5696c759]

GC Heap History (0 events):
No events

Deoptimization events (0 events):
No events

Classes unloaded (0 events):
No events

Classes redefined (0 events):
No events

Internal exceptions (0 events):
No events

VM Operations (0 events):
No events

Events (1 events):
Event: 0.006 Loaded shared library C:\Program Files\Java\jdk-17\bin\java.dll


Dynamic libraries:
0x00007ff7eacd0000 - 0x00007ff7eace0000 	C:\Program Files\Java\jdk-17\bin\java.exe
0x00007ffd82f70000 - 0x00007ffd83167000 	C:\Windows\SYSTEM32\ntdll.dll
0x00007ffd81610000 - 0x00007ffd816cd000 	C:\Windows\System32\KERNEL32.DLL
0x00007ffd80960000 - 0x00007ffd80c56000 	C:\Windows\System32\KERNELBASE.dll
0x00007ffd80ed0000 - 0x00007ffd80fd0000 	C:\Windows\System32\ucrtbase.dll
0x00007ffd56f20000 - 0x00007ffd56f3b000 	C:\Program Files\Java\jdk-17\bin\VCRUNTIME140.dll
0x00007ffd56f40000 - 0x00007ffd56f58000 	C:\Program Files\Java\jdk-17\bin\jli.dll
0x00007ffd816d0000 - 0x00007ffd8177e000 	C:\Windows\System32\ADVAPI32.dll
0x00007ffd82900000 - 0x00007ffd8299e000 	C:\Windows\System32\msvcrt.dll
0x00007ffd82c50000 - 0x00007ffd82cec000 	C:\Windows\System32\sechost.dll
0x00007ffd81070000 - 0x00007ffd81196000 	C:\Windows\System32\RPCRT4.dll
0x00007ffd81b60000 - 0x00007ffd81cfe000 	C:\Windows\System32\USER32.dll
0x00007ffd80930000 - 0x00007ffd80952000 	C:\Windows\System32\win32u.dll
0x00007ffd80fe0000 - 0x00007ffd8100c000 	C:\Windows\System32\GDI32.dll
0x00007ffd80d40000 - 0x00007ffd80e5a000 	C:\Windows\System32\gdi32full.dll
0x00007ffd80890000 - 0x00007ffd8092d000 	C:\Windows\System32\msvcp_win.dll
0x00007ffd7f910000 - 0x00007ffd7fbaa000 	C:\Windows\WinSxS\amd64_microsoft.windows.common-controls_6595b64144ccf1df_6.0.19041.3570_none_60bb2a3971f3e41a\COMCTL32.dll
0x00007ffd7d870000 - 0x00007ffd7d87a000 	C:\Windows\SYSTEM32\VERSION.dll
0x00007ffd82cf0000 - 0x00007ffd82d20000 	C:\Windows\System32\IMM32.DLL
0x00007ffd56f10000 - 0x00007ffd56f1c000 	C:\Program Files\Java\jdk-17\bin\vcruntime140_1.dll
0x00007ffd56e80000 - 0x00007ffd56f0e000 	C:\Program Files\Java\jdk-17\bin\msvcp140.dll
0x00007ffd562a0000 - 0x00007ffd56e77000 	C:\Program Files\Java\jdk-17\bin\server\jvm.dll
0x00007ffd82ba0000 - 0x00007ffd82ba8000 	C:\Windows\System32\PSAPI.DLL
0x00007ffd64410000 - 0x00007ffd64419000 	C:\Windows\SYSTEM32\WSOCK32.dll
0x00007ffd65120000 - 0x00007ffd65147000 	C:\Windows\SYSTEM32\WINMM.dll
0x00007ffd829a0000 - 0x00007ffd82a0b000 	C:\Windows\System32\WS2_32.dll
0x00007ffd7d850000 - 0x00007ffd7d862000 	C:\Windows\SYSTEM32\kernel.appcore.dll
0x00007ffd56290000 - 0x00007ffd5629a000 	C:\Program Files\Java\jdk-17\bin\jimage.dll
0x00007ffd7ffe0000 - 0x00007ffd801c4000 	C:\Windows\SYSTEM32\DBGHELP.DLL
0x00007ffd7ffa0000 - 0x00007ffd7ffd4000 	C:\Windows\SYSTEM32\dbgcore.DLL
0x00007ffd80650000 - 0x00007ffd806d2000 	C:\Windows\System32\bcryptPrimitives.dll
0x00007ffd56260000 - 0x00007ffd56285000 	C:\Program Files\Java\jdk-17\bin\java.dll

dbghelp: loaded successfully - version: 4.0.5 - missing functions: none
symbol engine: initialized successfully - sym options: 0x614 - pdb path: .;C:\Program Files\Java\jdk-17\bin;C:\Windows\SYSTEM32;C:\Windows\WinSxS\amd64_microsoft.windows.common-controls_6595b64144ccf1df_6.0.19041.3570_none_60bb2a3971f3e41a;C:\Program Files\Java\jdk-17\bin\server

VM Arguments:
jvm_args: -Dnet.bytebuddy.agent.attacher.dump= 
java_command: net.bytebuddy.agent.Attacher com.sun.tools.attach.VirtualMachine 9720 C:\Users\Тос\.m2\repository\net\bytebuddy\byte-buddy-agent\1.14.10\byte-buddy-agent-1.14.10.jar false 
java_class_path (initial): C:\Users\Тос\.m2\repository\net\bytebuddy\byte-buddy-agent\1.14.10\byte-buddy-agent-1.14.10.jar
Launcher Type: SUN_STANDARD

[Global flags]
     intx CICompilerCount                          = 3                                         {product} {ergonomic}
     uint ConcGCThreads                            = 1                                         {product} {ergonomic}
     uint G1ConcRefinementThreads                  = 4                                         {product} {ergonomic}
   size_t G1HeapRegionSize                         = 1048576                                   {product} {ergonomic}
    uintx GCDrainStackTargetSize                   = 64                                        {product} {ergonomic}
   size_t InitialHeapSize                          = 132120576                                 {product} {ergonomic}
   size_t MarkStackSize                            = 4194304                                   {product} {ergonomic}
   size_t MaxHeapSize                              = 2095054848                                {product} {ergonomic}
   size_t MinHeapDeltaBytes                        = 1048576                                   {product} {ergonomic}
   size_t MinHeapSize                              = 8388608                                   {product} {ergonomic}
    uintx NonNMethodCodeHeapSize                   = 5832780                                {pd product} {ergonomic}
    uintx NonProfiledCodeHeapSize                  = 122912730                              {pd product} {ergonomic}
    uintx ProfiledCodeHeapSize                     = 122912730                              {pd product} {ergonomic}
    uintx ReservedCodeCacheSize                    = 251658240                              {pd product} {ergonomic}
     bool SegmentedCodeCache                       = true                                      {product} {ergonomic}
   size_t SoftMaxHeapSize                          = 2095054848                             {manageable} {ergonomic}
     bool UseCompressedClassPointers               = true                           {product lp64_product} {ergonomic}
     bool UseCompressedOops                        = true                           {product lp64_product} {ergonomic}
     bool UseG1GC                                  = true                                      {product} {ergonomic}
     bool UseLargePagesIndividualAllocation        = false                                  {pd product} {ergonomic}

Logging:
Log output configuration:
 #0: stdout all=warning uptime,level,tags
 #1: stderr all=off uptime,level,tags

Environment Variables:
JAVA_HOME=C:\Program Files\Java\jdk-17
PATH=C:\Program Files\Common Files\Oracle\Java\javapath;C:\Windows\system32;C:\Windows;C:\Windows\System32\Wbem;C:\Windows\System32\WindowsPowerShell\v1.0\;C:\Windows\System32\OpenSSH\;C:\Program Files\Docker\Docker\resources\bin;C:\Program Files\Git\cmd;C:\Program Files\Kubernetes\Minikube;C:\minikube;C:\Program Files\PuTTY\;C:\Users\Тос\scoop\apps\avr-gcc\12.1.0\libexec\gcc\avr\12.1.0;C:\Program Files\nodejs\;C:\Users\Тос\scoop\shims;C:\Users\Тос\.cargo\bin;C:\Docs\python\Scripts\;C:\Docs\python\;C:\Users\Тос\AppData\Local\Microsoft\WindowsApps;C:\Users\Тос\AppData\Local\GitHubDesktop\bin;C:\Program Files\JetBrains\RustRover 233.13135.116\bin;;C:\Docs\Microsoft VS Code\bin;C:\Users\Тос\AppData\Roaming\npm
USERNAME=Totos
OS=Windows_NT
PROCESSOR_IDENTIFIER=Intel64 Family 6 Model 140 Stepping 1, GenuineIntel



---------------  S Y S T E M  ---------------

OS:
 Windows 10 , 64 bit Build 19041 (10.0.19041.3570)
OS uptime: 2 days 20:49 hours
Hyper-V role detected

CPU: total 4 (initial active 4) (2 cores per cpu, 2 threads per core) family 6 model 140 stepping 1 microcode 0x8a, cx8, cmov, fxsr, ht, mmx, 3dnowpref, sse, sse2, sse3, ssse3, sse4.1, sse4.2, popcnt, lzcnt, tsc, tscinvbit, avx, avx2, aes, erms, clmul, bmi1, bmi2, adx, avx512f, avx512dq, avx512cd, avx512bw, avx512vl, sha, fma, vzeroupper, avx512_vpopcntdq, avx512_vpclmulqdq, avx512_vaes, avx512_vnni, clflush, clflushopt, clwb, avx512_vbmi2, avx512_vbmi, hv

Memory: 4k page, system-wide physical 7991M (490M free)
TotalPageFile size 32567M (AvailPageFile size 90M)
current process WorkingSet (physical memory assigned to process): 10M, peak: 10M
current process commit charge ("private bytes"): 51M, peak: 177M

vm_info: Java HotSpot(TM) 64-Bit Server VM (17.0.6+9-LTS-190) for windows-amd64 JRE (17.0.6+9-LTS-190), built on Dec  6 2022 15:53:54 by "mach5one" with MS VC++ 17.1 (VS2022)

END.
